# JRE version: Java(TM) SE Runtime Environment (8.0_211-b12) (build 1.8.0_211-b12)
# Java VM: Java HotSpot(TM) 64-Bit Server VM (25.211-b12 mixed mode windows-amd64 compressed oops)
Heap:
 PSYoungGen      total 111104K, used 10616K [0x00000000d5f00000, 0x00000000dd600000, 0x0000000100000000)
  eden space 100352K, 10% used [0x00000000d5f00000,0x00000000d695e3f0,0x00000000dc100000)
  from space 10752K, 0% used [0x00000000dc100000,0x00000000dc100000,0x00000000dcb80000)
  to   space 9216K, 0% used [0x00000000dcd00000,0x00000000dcd00000,0x00000000dd600000)
 ParOldGen       total 92160K, used 15397K [0x0000000081c00000, 0x0000000087600000, 0x00000000d5f00000)
  object space 92160K, 16% used [0x0000000081c00000,0x0000000082b09760,0x0000000087600000)
 Metaspace       used 35550K, capacity 37092K, committed 37248K, reserved 1081344K
  class space    used 4574K, capacity 4903K, committed 4992K, reserved 1048576K
GC Heap History (10 events):
Event: 1.176 GC heap before
{Heap before GC invocations=5 (full 1):
 PSYoungGen      total 71680K, used 5116K [0x00000000d5f00000, 0x00000000daa00000, 0x0000000100000000)
  eden space 66560K, 0% used [0x00000000d5f00000,0x00000000d5f00000,0x00000000da000000)
  from space 5120K, 99% used [0x00000000da500000,0x00000000da9ff028,0x00000000daa00000)
  to   space 5120K, 0% used [0x00000000da000000,0x00000000da000000,0x00000000da500000)
 ParOldGen       total 87552K, used 5545K [0x0000000081c00000, 0x0000000087180000, 0x00000000d5f00000)
  object space 87552K, 6% used [0x0000000081c00000,0x000000008216a560,0x0000000087180000)
 Metaspace       used 20674K, capacity 21234K, committed 21296K, reserved 1067008K
  class space    used 2708K, capacity 2894K, committed 2944K, reserved 1048576K
Event: 1.202 GC heap after
Heap after GC invocations=5 (full 1):
 PSYoungGen      total 71680K, used 0K [0x00000000d5f00000, 0x00000000daa00000, 0x0000000100000000)
  eden space 66560K, 0% used [0x00000000d5f00000,0x00000000d5f00000,0x00000000da000000)
  from space 5120K, 0% used [0x00000000da500000,0x00000000da500000,0x00000000daa00000)
  to   space 5120K, 0% used [0x00000000da000000,0x00000000da000000,0x00000000da500000)
 ParOldGen       total 58368K, used 7500K [0x0000000081c00000, 0x0000000085500000, 0x00000000d5f00000)
  object space 58368K, 12% used [0x0000000081c00000,0x0000000082353118,0x0000000085500000)
 Metaspace       used 20673K, capacity 21228K, committed 21296K, reserved 1067008K
  class space    used 2707K, capacity 2893K, committed 2944K, reserved 1048576K
}
Event: 1.581 GC heap before
{Heap before GC invocations=6 (full 1):
 PSYoungGen      total 71680K, used 66560K [0x00000000d5f00000, 0x00000000daa00000, 0x0000000100000000)
  eden space 66560K, 100% used [0x00000000d5f00000,0x00000000da000000,0x00000000da000000)
  from space 5120K, 0% used [0x00000000da500000,0x00000000da500000,0x00000000daa00000)
  to   space 5120K, 0% used [0x00000000da000000,0x00000000da000000,0x00000000da500000)
 ParOldGen       total 58368K, used 7500K [0x0000000081c00000, 0x0000000085500000, 0x00000000d5f00000)
  object space 58368K, 12% used [0x0000000081c00000,0x0000000082353118,0x0000000085500000)
 Metaspace       used 23633K, capacity 24338K, committed 24576K, reserved 1071104K
  class space    used 3085K, capacity 3282K, committed 3328K, reserved 1048576K
Event: 1.585 GC heap after
Heap after GC invocations=6 (full 1):
 PSYoungGen      total 71680K, used 4222K [0x00000000d5f00000, 0x00000000dd600000, 0x0000000100000000)
  eden space 66560K, 0% used [0x00000000d5f00000,0x00000000d5f00000,0x00000000da000000)
  from space 5120K, 82% used [0x00000000da000000,0x00000000da41fba8,0x00000000da500000)
  to   space 9216K, 0% used [0x00000000dcd00000,0x00000000dcd00000,0x00000000dd600000)
 ParOldGen       total 58368K, used 7572K [0x0000000081c00000, 0x0000000085500000, 0x00000000d5f00000)
  object space 58368K, 12% used [0x0000000081c00000,0x0000000082365128,0x0000000085500000)
 Metaspace       used 23633K, capacity 24338K, committed 24576K, reserved 1071104K
  class space    used 3085K, capacity 3282K, committed 3328K, reserved 1048576K
}
Event: 2.412 GC heap before
{Heap before GC invocations=7 (full 1):
 PSYoungGen      total 71680K, used 70782K [0x00000000d5f00000, 0x00000000dd600000, 0x0000000100000000)
  eden space 66560K, 100% used [0x00000000d5f00000,0x00000000da000000,0x00000000da000000)
  from space 5120K, 82% used [0x00000000da000000,0x00000000da41fba8,0x00000000da500000)
  to   space 9216K, 0% used [0x00000000dcd00000,0x00000000dcd00000,0x00000000dd600000)
 ParOldGen       total 58368K, used 7572K [0x0000000081c00000, 0x0000000085500000, 0x00000000d5f00000)
  object space 58368K, 12% used [0x0000000081c00000,0x0000000082365128,0x0000000085500000)
 Metaspace       used 29125K, capacity 30522K, committed 30848K, reserved 1075200K
  class space    used 3856K, capacity 4136K, committed 4224K, reserved 1048576K
Event: 2.420 GC heap after
Heap after GC invocations=7 (full 1):
 PSYoungGen      total 109568K, used 9188K [0x00000000d5f00000, 0x00000000dd600000, 0x0000000100000000)
  eden space 100352K, 0% used [0x00000000d5f00000,0x00000000d5f00000,0x00000000dc100000)
  from space 9216K, 99% used [0x00000000dcd00000,0x00000000dd5f91d0,0x00000000dd600000)
  to   space 10752K, 0% used [0x00000000dc100000,0x00000000dc100000,0x00000000dcb80000)
 ParOldGen       total 58368K, used 8079K [0x0000000081c00000, 0x0000000085500000, 0x00000000d5f00000)
  object space 58368K, 13% used [0x0000000081c00000,0x00000000823e3f28,0x0000000085500000)
 Metaspace       used 29125K, capacity 30522K, committed 30848K, reserved 1075200K
  class space    used 3856K, capacity 4136K, committed 4224K, reserved 1048576K
}
Event: 3.109 GC heap before
{Heap before GC invocations=8 (full 1):
 PSYoungGen      total 109568K, used 79841K [0x00000000d5f00000, 0x00000000dd600000, 0x0000000100000000)
  eden space 100352K, 70% used [0x00000000d5f00000,0x00000000da3ff288,0x00000000dc100000)
  from space 9216K, 99% used [0x00000000dcd00000,0x00000000dd5f91d0,0x00000000dd600000)
  to   space 10752K, 0% used [0x00000000dc100000,0x00000000dc100000,0x00000000dcb80000)
 ParOldGen       total 58368K, used 8079K [0x0000000081c00000, 0x0000000085500000, 0x00000000d5f00000)
  object space 58368K, 13% used [0x0000000081c00000,0x00000000823e3f28,0x0000000085500000)
 Metaspace       used 33822K, capacity 35300K, committed 35456K, reserved 1079296K
  class space    used 4374K, capacity 4647K, committed 4736K, reserved 1048576K
Event: 3.120 GC heap after
Heap after GC invocations=8 (full 1):
 PSYoungGen      total 111104K, used 10735K [0x00000000d5f00000, 0x00000000dd600000, 0x0000000100000000)
  eden space 100352K, 0% used [0x00000000d5f00000,0x00000000d5f00000,0x00000000dc100000)
  from space 10752K, 99% used [0x00000000dc100000,0x00000000dcb7bd78,0x00000000dcb80000)
  to   space 9216K, 0% used [0x00000000dcd00000,0x00000000dcd00000,0x00000000dd600000)
 ParOldGen       total 58368K, used 8693K [0x0000000081c00000, 0x0000000085500000, 0x00000000d5f00000)
  object space 58368K, 14% used [0x0000000081c00000,0x000000008247d5f8,0x0000000085500000)
 Metaspace       used 33822K, capacity 35300K, committed 35456K, reserved 1079296K
  class space    used 4374K, capacity 4647K, committed 4736K, reserved 1048576K
}
Event: 3.120 GC heap before
{Heap before GC invocations=9 (full 2):
 PSYoungGen      total 111104K, used 10735K [0x00000000d5f00000, 0x00000000dd600000, 0x0000000100000000)
  eden space 100352K, 0% used [0x00000000d5f00000,0x00000000d5f00000,0x00000000dc100000)
  from space 10752K, 99% used [0x00000000dc100000,0x00000000dcb7bd78,0x00000000dcb80000)
  to   space 9216K, 0% used [0x00000000dcd00000,0x00000000dcd00000,0x00000000dd600000)
 ParOldGen       total 58368K, used 8693K [0x0000000081c00000, 0x0000000085500000, 0x00000000d5f00000)
  object space 58368K, 14% used [0x0000000081c00000,0x000000008247d5f8,0x0000000085500000)
 Metaspace       used 33822K, capacity 35300K, committed 35456K, reserved 1079296K
  class space    used 4374K, capacity 4647K, committed 4736K, reserved 1048576K
Event: 3.176 GC heap after
Heap after GC invocations=9 (full 2):
 PSYoungGen      total 111104K, used 0K [0x00000000d5f00000, 0x00000000dd600000, 0x0000000100000000)
  eden space 100352K, 0% used [0x00000000d5f00000,0x00000000d5f00000,0x00000000dc100000)
  from space 10752K, 0% used [0x00000000dc100000,0x00000000dc100000,0x00000000dcb80000)
  to   space 9216K, 0% used [0x00000000dcd00000,0x00000000dcd00000,0x00000000dd600000)
 ParOldGen       total 92160K, used 15397K [0x0000000081c00000, 0x0000000087600000, 0x00000000d5f00000)
  object space 92160K, 16% used [0x0000000081c00000,0x0000000082b09760,0x0000000087600000)
 Metaspace       used 33822K, capacity 35300K, committed 35456K, reserved 1079296K
  class space    used 4374K, capacity 4647K, committed 4736K, reserved 1048576K
}

