# JRE version: Java(TM) SE Runtime Environment (8.0_211-b12) (build 1.8.0_211-b12)
# Java VM: Java HotSpot(TM) 64-Bit Server VM (25.211-b12 mixed mode windows-amd64 compressed oops)
Heap:
 PSYoungGen      total 71680K, used 51919K [0x00000000d5f00000, 0x00000000dd480000, 0x0000000100000000)
  eden space 66560K, 70% used [0x00000000d5f00000,0x00000000d8cb8938,0x00000000da000000)
  from space 5120K, 99% used [0x00000000da000000,0x00000000da4fb410,0x00000000da500000)
  to   space 8704K, 0% used [0x00000000dcc00000,0x00000000dcc00000,0x00000000dd480000)
 ParOldGen       total 59392K, used 9431K [0x0000000081c00000, 0x0000000085600000, 0x00000000d5f00000)
  object space 59392K, 15% used [0x0000000081c00000,0x0000000082535c58,0x0000000085600000)
 Metaspace       used 25984K, capacity 26888K, committed 27008K, reserved 1073152K
  class space    used 3389K, capacity 3613K, committed 3712K, reserved 1048576K
GC Heap History (10 events):
Event: 0.761 GC heap before
{Heap before GC invocations=2 (full 0):
 PSYoungGen      total 38400K, used 38381K [0x00000000d5f00000, 0x00000000d8980000, 0x0000000100000000)
  eden space 33280K, 100% used [0x00000000d5f00000,0x00000000d7f80000,0x00000000d7f80000)
  from space 5120K, 99% used [0x00000000d7f80000,0x00000000d847b6b0,0x00000000d8480000)
  to   space 5120K, 0% used [0x00000000d8480000,0x00000000d8480000,0x00000000d8980000)
 ParOldGen       total 87552K, used 268K [0x0000000081c00000, 0x0000000087180000, 0x00000000d5f00000)
  object space 87552K, 0% used [0x0000000081c00000,0x0000000081c431e0,0x0000000087180000)
 Metaspace       used 12613K, capacity 12948K, committed 13056K, reserved 1060864K
  class space    used 1646K, capacity 1749K, committed 1792K, reserved 1048576K
Event: 0.765 GC heap after
Heap after GC invocations=2 (full 0):
 PSYoungGen      total 38400K, used 5105K [0x00000000d5f00000, 0x00000000daa00000, 0x0000000100000000)
  eden space 33280K, 0% used [0x00000000d5f00000,0x00000000d5f00000,0x00000000d7f80000)
  from space 5120K, 99% used [0x00000000d8480000,0x00000000d897c6b0,0x00000000d8980000)
  to   space 5120K, 0% used [0x00000000d7f80000,0x00000000d7f80000,0x00000000d8480000)
 ParOldGen       total 87552K, used 548K [0x0000000081c00000, 0x0000000087180000, 0x00000000d5f00000)
  object space 87552K, 0% used [0x0000000081c00000,0x0000000081c89060,0x0000000087180000)
 Metaspace       used 12613K, capacity 12948K, committed 13056K, reserved 1060864K
  class space    used 1646K, capacity 1749K, committed 1792K, reserved 1048576K
}
Event: 0.897 GC heap before
{Heap before GC invocations=3 (full 0):
 PSYoungGen      total 38400K, used 38385K [0x00000000d5f00000, 0x00000000daa00000, 0x0000000100000000)
  eden space 33280K, 100% used [0x00000000d5f00000,0x00000000d7f80000,0x00000000d7f80000)
  from space 5120K, 99% used [0x00000000d8480000,0x00000000d897c6b0,0x00000000d8980000)
  to   space 5120K, 0% used [0x00000000d7f80000,0x00000000d7f80000,0x00000000d8480000)
 ParOldGen       total 87552K, used 548K [0x0000000081c00000, 0x0000000087180000, 0x00000000d5f00000)
  object space 87552K, 0% used [0x0000000081c00000,0x0000000081c89060,0x0000000087180000)
 Metaspace       used 16595K, capacity 17112K, committed 17152K, reserved 1064960K
  class space    used 2145K, capacity 2289K, committed 2304K, reserved 1048576K
Event: 0.903 GC heap after
Heap after GC invocations=3 (full 0):
 PSYoungGen      total 38400K, used 5119K [0x00000000d5f00000, 0x00000000daa00000, 0x0000000100000000)
  eden space 33280K, 0% used [0x00000000d5f00000,0x00000000d5f00000,0x00000000d7f80000)
  from space 5120K, 99% used [0x00000000d7f80000,0x00000000d847fdf8,0x00000000d8480000)
  to   space 5120K, 0% used [0x00000000da500000,0x00000000da500000,0x00000000daa00000)
 ParOldGen       total 87552K, used 2780K [0x0000000081c00000, 0x0000000087180000, 0x00000000d5f00000)
  object space 87552K, 3% used [0x0000000081c00000,0x0000000081eb71e0,0x0000000087180000)
 Metaspace       used 16595K, capacity 17112K, committed 17152K, reserved 1064960K
  class space    used 2145K, capacity 2289K, committed 2304K, reserved 1048576K
}
Event: 1.059 GC heap before
{Heap before GC invocations=4 (full 0):
 PSYoungGen      total 38400K, used 37201K [0x00000000d5f00000, 0x00000000daa00000, 0x0000000100000000)
  eden space 33280K, 96% used [0x00000000d5f00000,0x00000000d7e54678,0x00000000d7f80000)
  from space 5120K, 99% used [0x00000000d7f80000,0x00000000d847fdf8,0x00000000d8480000)
  to   space 5120K, 0% used [0x00000000da500000,0x00000000da500000,0x00000000daa00000)
 ParOldGen       total 87552K, used 2780K [0x0000000081c00000, 0x0000000087180000, 0x00000000d5f00000)
  object space 87552K, 3% used [0x0000000081c00000,0x0000000081eb71e0,0x0000000087180000)
 Metaspace       used 20668K, capacity 21204K, committed 21296K, reserved 1067008K
  class space    used 2705K, capacity 2885K, committed 2944K, reserved 1048576K
Event: 1.065 GC heap after
Heap after GC invocations=4 (full 0):
 PSYoungGen      total 71680K, used 5097K [0x00000000d5f00000, 0x00000000daa00000, 0x0000000100000000)
  eden space 66560K, 0% used [0x00000000d5f00000,0x00000000d5f00000,0x00000000da000000)
  from space 5120K, 99% used [0x00000000da500000,0x00000000da9fa680,0x00000000daa00000)
  to   space 5120K, 0% used [0x00000000da000000,0x00000000da000000,0x00000000da500000)
 ParOldGen       total 87552K, used 5775K [0x0000000081c00000, 0x0000000087180000, 0x00000000d5f00000)
  object space 87552K, 6% used [0x0000000081c00000,0x00000000821a3d28,0x0000000087180000)
 Metaspace       used 20668K, capacity 21204K, committed 21296K, reserved 1067008K
  class space    used 2705K, capacity 2885K, committed 2944K, reserved 1048576K
}
Event: 1.065 GC heap before
{Heap before GC invocations=5 (full 1):
 PSYoungGen      total 71680K, used 5097K [0x00000000d5f00000, 0x00000000daa00000, 0x0000000100000000)
  eden space 66560K, 0% used [0x00000000d5f00000,0x00000000d5f00000,0x00000000da000000)
  from space 5120K, 99% used [0x00000000da500000,0x00000000da9fa680,0x00000000daa00000)
  to   space 5120K, 0% used [0x00000000da000000,0x00000000da000000,0x00000000da500000)
 ParOldGen       total 87552K, used 5775K [0x0000000081c00000, 0x0000000087180000, 0x00000000d5f00000)
  object space 87552K, 6% used [0x0000000081c00000,0x00000000821a3d28,0x0000000087180000)
 Metaspace       used 20668K, capacity 21204K, committed 21296K, reserved 1067008K
  class space    used 2705K, capacity 2885K, committed 2944K, reserved 1048576K
Event: 1.085 GC heap after
Heap after GC invocations=5 (full 1):
 PSYoungGen      total 71680K, used 0K [0x00000000d5f00000, 0x00000000daa00000, 0x0000000100000000)
  eden space 66560K, 0% used [0x00000000d5f00000,0x00000000d5f00000,0x00000000da000000)
  from space 5120K, 0% used [0x00000000da500000,0x00000000da500000,0x00000000daa00000)
  to   space 5120K, 0% used [0x00000000da000000,0x00000000da000000,0x00000000da500000)
 ParOldGen       total 59392K, used 7867K [0x0000000081c00000, 0x0000000085600000, 0x00000000d5f00000)
  object space 59392K, 13% used [0x0000000081c00000,0x00000000823aede8,0x0000000085600000)
 Metaspace       used 20666K, capacity 21198K, committed 21296K, reserved 1067008K
  class space    used 2704K, capacity 2884K, committed 2944K, reserved 1048576K
}
Event: 1.662 GC heap before
{Heap before GC invocations=6 (full 1):
 PSYoungGen      total 71680K, used 66560K [0x00000000d5f00000, 0x00000000daa00000, 0x0000000100000000)
  eden space 66560K, 100% used [0x00000000d5f00000,0x00000000da000000,0x00000000da000000)
  from space 5120K, 0% used [0x00000000da500000,0x00000000da500000,0x00000000daa00000)
  to   space 5120K, 0% used [0x00000000da000000,0x00000000da000000,0x00000000da500000)
 ParOldGen       total 59392K, used 7867K [0x0000000081c00000, 0x0000000085600000, 0x00000000d5f00000)
  object space 59392K, 13% used [0x0000000081c00000,0x00000000823aede8,0x0000000085600000)
 Metaspace       used 25739K, capacity 26558K, committed 26624K, reserved 1073152K
  class space    used 3356K, capacity 3570K, committed 3584K, reserved 1048576K
Event: 1.669 GC heap after
Heap after GC invocations=6 (full 1):
 PSYoungGen      total 71680K, used 5101K [0x00000000d5f00000, 0x00000000dd480000, 0x0000000100000000)
  eden space 66560K, 0% used [0x00000000d5f00000,0x00000000d5f00000,0x00000000da000000)
  from space 5120K, 99% used [0x00000000da000000,0x00000000da4fb410,0x00000000da500000)
  to   space 8704K, 0% used [0x00000000dcc00000,0x00000000dcc00000,0x00000000dd480000)
 ParOldGen       total 59392K, used 9431K [0x0000000081c00000, 0x0000000085600000, 0x00000000d5f00000)
  object space 59392K, 15% used [0x0000000081c00000,0x0000000082535c58,0x0000000085600000)
 Metaspace       used 25739K, capacity 26558K, committed 26624K, reserved 1073152K
  class space    used 3356K, capacity 3570K, committed 3584K, reserved 1048576K
}

