# JRE version: Java(TM) SE Runtime Environment (8.0_211-b12) (build 1.8.0_211-b12)
# Java VM: Java HotSpot(TM) 64-Bit Server VM (25.211-b12 mixed mode windows-amd64 compressed oops)
Heap:
 PSYoungGen      total 231936K, used 16817K [0x00000000d5f00000, 0x00000000e5680000, 0x0000000100000000)
  eden space 219648K, 7% used [0x00000000d5f00000,0x00000000d6f6c7a0,0x00000000e3580000)
  from space 12288K, 0% used [0x00000000e4200000,0x00000000e4200000,0x00000000e4e00000)
  to   space 12800K, 0% used [0x00000000e3580000,0x00000000e3580000,0x00000000e4200000)
 ParOldGen       total 46592K, used 14474K [0x0000000081c00000, 0x0000000084980000, 0x00000000d5f00000)
  object space 46592K, 31% used [0x0000000081c00000,0x0000000082a22850,0x0000000084980000)
 Metaspace       used 36082K, capacity 37472K, committed 37584K, reserved 1081344K
  class space    used 4665K, capacity 4953K, committed 4992K, reserved 1048576K
GC Heap History (10 events):
Event: 1.051 GC heap before
{Heap before GC invocations=6 (full 1):
 PSYoungGen      total 71680K, used 5008K [0x00000000d5f00000, 0x00000000df200000, 0x0000000100000000)
  eden space 66560K, 0% used [0x00000000d5f00000,0x00000000d5f00000,0x00000000da000000)
  from space 5120K, 97% used [0x00000000da000000,0x00000000da4e4010,0x00000000da500000)
  to   space 8704K, 0% used [0x00000000de980000,0x00000000de980000,0x00000000df200000)
 ParOldGen       total 87552K, used 5595K [0x0000000081c00000, 0x0000000087180000, 0x00000000d5f00000)
  object space 87552K, 6% used [0x0000000081c00000,0x0000000082176eb8,0x0000000087180000)
 Metaspace       used 20964K, capacity 21518K, committed 21628K, reserved 1069056K
  class space    used 2757K, capacity 2926K, committed 2944K, reserved 1048576K
Event: 1.072 GC heap after
Heap after GC invocations=6 (full 1):
 PSYoungGen      total 71680K, used 0K [0x00000000d5f00000, 0x00000000df200000, 0x0000000100000000)
  eden space 66560K, 0% used [0x00000000d5f00000,0x00000000d5f00000,0x00000000da000000)
  from space 5120K, 0% used [0x00000000da000000,0x00000000da000000,0x00000000da500000)
  to   space 8704K, 0% used [0x00000000de980000,0x00000000de980000,0x00000000df200000)
 ParOldGen       total 46592K, used 4800K [0x0000000081c00000, 0x0000000084980000, 0x00000000d5f00000)
  object space 46592K, 10% used [0x0000000081c00000,0x00000000820b0068,0x0000000084980000)
 Metaspace       used 20962K, capacity 21512K, committed 21628K, reserved 1069056K
  class space    used 2757K, capacity 2925K, committed 2944K, reserved 1048576K
}
Event: 1.387 GC heap before
{Heap before GC invocations=7 (full 1):
 PSYoungGen      total 71680K, used 66560K [0x00000000d5f00000, 0x00000000df200000, 0x0000000100000000)
  eden space 66560K, 100% used [0x00000000d5f00000,0x00000000da000000,0x00000000da000000)
  from space 5120K, 0% used [0x00000000da000000,0x00000000da000000,0x00000000da500000)
  to   space 8704K, 0% used [0x00000000de980000,0x00000000de980000,0x00000000df200000)
 ParOldGen       total 46592K, used 4800K [0x0000000081c00000, 0x0000000084980000, 0x00000000d5f00000)
  object space 46592K, 10% used [0x0000000081c00000,0x00000000820b0068,0x0000000084980000)
 Metaspace       used 23589K, capacity 24320K, committed 24572K, reserved 1071104K
  class space    used 3096K, capacity 3281K, committed 3328K, reserved 1048576K
Event: 1.391 GC heap after
Heap after GC invocations=7 (full 1):
 PSYoungGen      total 126976K, used 4163K [0x00000000d5f00000, 0x00000000dee00000, 0x0000000100000000)
  eden space 122368K, 0% used [0x00000000d5f00000,0x00000000d5f00000,0x00000000dd680000)
  from space 4608K, 90% used [0x00000000de980000,0x00000000ded90eb8,0x00000000dee00000)
  to   space 9216K, 0% used [0x00000000ddc00000,0x00000000ddc00000,0x00000000de500000)
 ParOldGen       total 46592K, used 4872K [0x0000000081c00000, 0x0000000084980000, 0x00000000d5f00000)
  object space 46592K, 10% used [0x0000000081c00000,0x00000000820c2078,0x0000000084980000)
 Metaspace       used 23589K, capacity 24320K, committed 24572K, reserved 1071104K
  class space    used 3096K, capacity 3281K, committed 3328K, reserved 1048576K
}
Event: 2.531 GC heap before
{Heap before GC invocations=8 (full 1):
 PSYoungGen      total 126976K, used 126531K [0x00000000d5f00000, 0x00000000dee00000, 0x0000000100000000)
  eden space 122368K, 100% used [0x00000000d5f00000,0x00000000dd680000,0x00000000dd680000)
  from space 4608K, 90% used [0x00000000de980000,0x00000000ded90eb8,0x00000000dee00000)
  to   space 9216K, 0% used [0x00000000ddc00000,0x00000000ddc00000,0x00000000de500000)
 ParOldGen       total 46592K, used 4872K [0x0000000081c00000, 0x0000000084980000, 0x00000000d5f00000)
  object space 46592K, 10% used [0x0000000081c00000,0x00000000820c2078,0x0000000084980000)
 Metaspace       used 31806K, capacity 33138K, committed 33404K, reserved 1079296K
  class space    used 4133K, capacity 4390K, committed 4480K, reserved 1048576K
Event: 2.544 GC heap after
Heap after GC invocations=8 (full 1):
 PSYoungGen      total 137216K, used 9204K [0x00000000d5f00000, 0x00000000e4e00000, 0x0000000100000000)
  eden space 128000K, 0% used [0x00000000d5f00000,0x00000000d5f00000,0x00000000ddc00000)
  from space 9216K, 99% used [0x00000000ddc00000,0x00000000de4fd0d0,0x00000000de500000)
  to   space 12288K, 0% used [0x00000000e4200000,0x00000000e4200000,0x00000000e4e00000)
 ParOldGen       total 46592K, used 8658K [0x0000000081c00000, 0x0000000084980000, 0x00000000d5f00000)
  object space 46592K, 18% used [0x0000000081c00000,0x0000000082474a38,0x0000000084980000)
 Metaspace       used 31806K, capacity 33138K, committed 33404K, reserved 1079296K
  class space    used 4133K, capacity 4390K, committed 4480K, reserved 1048576K
}
Event: 2.761 GC heap before
{Heap before GC invocations=9 (full 1):
 PSYoungGen      total 137216K, used 31843K [0x00000000d5f00000, 0x00000000e4e00000, 0x0000000100000000)
  eden space 128000K, 17% used [0x00000000d5f00000,0x00000000d751be00,0x00000000ddc00000)
  from space 9216K, 99% used [0x00000000ddc00000,0x00000000de4fd0d0,0x00000000de500000)
  to   space 12288K, 0% used [0x00000000e4200000,0x00000000e4200000,0x00000000e4e00000)
 ParOldGen       total 46592K, used 8658K [0x0000000081c00000, 0x0000000084980000, 0x00000000d5f00000)
  object space 46592K, 18% used [0x0000000081c00000,0x0000000082474a38,0x0000000084980000)
 Metaspace       used 34614K, capacity 35960K, committed 36048K, reserved 1081344K
  class space    used 4456K, capacity 4727K, committed 4736K, reserved 1048576K
Event: 2.771 GC heap after
Heap after GC invocations=9 (full 1):
 PSYoungGen      total 231936K, used 9916K [0x00000000d5f00000, 0x00000000e5680000, 0x0000000100000000)
  eden space 219648K, 0% used [0x00000000d5f00000,0x00000000d5f00000,0x00000000e3580000)
  from space 12288K, 80% used [0x00000000e4200000,0x00000000e4baf190,0x00000000e4e00000)
  to   space 12800K, 0% used [0x00000000e3580000,0x00000000e3580000,0x00000000e4200000)
 ParOldGen       total 46592K, used 8666K [0x0000000081c00000, 0x0000000084980000, 0x00000000d5f00000)
  object space 46592K, 18% used [0x0000000081c00000,0x0000000082476a38,0x0000000084980000)
 Metaspace       used 34614K, capacity 35960K, committed 36048K, reserved 1081344K
  class space    used 4456K, capacity 4727K, committed 4736K, reserved 1048576K
}
Event: 2.771 GC heap before
{Heap before GC invocations=10 (full 2):
 PSYoungGen      total 231936K, used 9916K [0x00000000d5f00000, 0x00000000e5680000, 0x0000000100000000)
  eden space 219648K, 0% used [0x00000000d5f00000,0x00000000d5f00000,0x00000000e3580000)
  from space 12288K, 80% used [0x00000000e4200000,0x00000000e4baf190,0x00000000e4e00000)
  to   space 12800K, 0% used [0x00000000e3580000,0x00000000e3580000,0x00000000e4200000)
 ParOldGen       total 46592K, used 8666K [0x0000000081c00000, 0x0000000084980000, 0x00000000d5f00000)
  object space 46592K, 18% used [0x0000000081c00000,0x0000000082476a38,0x0000000084980000)
 Metaspace       used 34614K, capacity 35960K, committed 36048K, reserved 1081344K
  class space    used 4456K, capacity 4727K, committed 4736K, reserved 1048576K
Event: 2.814 GC heap after
Heap after GC invocations=10 (full 2):
 PSYoungGen      total 231936K, used 0K [0x00000000d5f00000, 0x00000000e5680000, 0x0000000100000000)
  eden space 219648K, 0% used [0x00000000d5f00000,0x00000000d5f00000,0x00000000e3580000)
  from space 12288K, 0% used [0x00000000e4200000,0x00000000e4200000,0x00000000e4e00000)
  to   space 12800K, 0% used [0x00000000e3580000,0x00000000e3580000,0x00000000e4200000)
 ParOldGen       total 46592K, used 14474K [0x0000000081c00000, 0x0000000084980000, 0x00000000d5f00000)
  object space 46592K, 31% used [0x0000000081c00000,0x0000000082a22850,0x0000000084980000)
 Metaspace       used 34614K, capacity 35960K, committed 36048K, reserved 1081344K
  class space    used 4456K, capacity 4727K, committed 4736K, reserved 1048576K
}

