# JRE version: Java(TM) SE Runtime Environment (8.0_211-b12) (build 1.8.0_211-b12)
# Java VM: Java HotSpot(TM) 64-Bit Server VM (25.211-b12 mixed mode windows-amd64 compressed oops)
Heap:
 PSYoungGen      total 112640K, used 64581K [0x00000000d5f00000, 0x00000000e1580000, 0x0000000100000000)
  eden space 104448K, 61% used [0x00000000d5f00000,0x00000000d9e117c0,0x00000000dc500000)
  from space 8192K, 0% used [0x00000000dc500000,0x00000000dc500000,0x00000000dcd00000)
  to   space 12288K, 0% used [0x00000000e0980000,0x00000000e0980000,0x00000000e1580000)
 ParOldGen       total 57856K, used 18506K [0x0000000081c00000, 0x0000000085480000, 0x00000000d5f00000)
  object space 57856K, 31% used [0x0000000081c00000,0x0000000082e12a40,0x0000000085480000)
 Metaspace       used 35139K, capacity 36662K, committed 36992K, reserved 1081344K
  class space    used 4627K, capacity 4940K, committed 4992K, reserved 1048576K
GC Heap History (10 events):
Event: 1.038 GC heap before
{Heap before GC invocations=5 (full 1):
 PSYoungGen      total 71680K, used 5118K [0x00000000d5f00000, 0x00000000daa00000, 0x0000000100000000)
  eden space 66560K, 0% used [0x00000000d5f00000,0x00000000d5f00000,0x00000000da000000)
  from space 5120K, 99% used [0x00000000da500000,0x00000000da9ff890,0x00000000daa00000)
  to   space 5120K, 0% used [0x00000000da000000,0x00000000da000000,0x00000000da500000)
 ParOldGen       total 87552K, used 5680K [0x0000000081c00000, 0x0000000087180000, 0x00000000d5f00000)
  object space 87552K, 6% used [0x0000000081c00000,0x000000008218c378,0x0000000087180000)
 Metaspace       used 20684K, capacity 21164K, committed 21296K, reserved 1067008K
  class space    used 2696K, capacity 2849K, committed 2944K, reserved 1048576K
Event: 1.056 GC heap after
Heap after GC invocations=5 (full 1):
 PSYoungGen      total 71680K, used 0K [0x00000000d5f00000, 0x00000000daa00000, 0x0000000100000000)
  eden space 66560K, 0% used [0x00000000d5f00000,0x00000000d5f00000,0x00000000da000000)
  from space 5120K, 0% used [0x00000000da500000,0x00000000da500000,0x00000000daa00000)
  to   space 5120K, 0% used [0x00000000da000000,0x00000000da000000,0x00000000da500000)
 ParOldGen       total 57856K, used 7711K [0x0000000081c00000, 0x0000000085480000, 0x00000000d5f00000)
  object space 57856K, 13% used [0x0000000081c00000,0x0000000082387e58,0x0000000085480000)
 Metaspace       used 20683K, capacity 21158K, committed 21296K, reserved 1067008K
  class space    used 2695K, capacity 2848K, committed 2944K, reserved 1048576K
}
Event: 1.653 GC heap before
{Heap before GC invocations=6 (full 1):
 PSYoungGen      total 71680K, used 66560K [0x00000000d5f00000, 0x00000000daa00000, 0x0000000100000000)
  eden space 66560K, 100% used [0x00000000d5f00000,0x00000000da000000,0x00000000da000000)
  from space 5120K, 0% used [0x00000000da500000,0x00000000da500000,0x00000000daa00000)
  to   space 5120K, 0% used [0x00000000da000000,0x00000000da000000,0x00000000da500000)
 ParOldGen       total 57856K, used 7711K [0x0000000081c00000, 0x0000000085480000, 0x00000000d5f00000)
  object space 57856K, 13% used [0x0000000081c00000,0x0000000082387e58,0x0000000085480000)
 Metaspace       used 25645K, capacity 26444K, committed 26624K, reserved 1073152K
  class space    used 3339K, capacity 3535K, committed 3584K, reserved 1048576K
Event: 1.659 GC heap after
Heap after GC invocations=6 (full 1):
 PSYoungGen      total 71680K, used 5099K [0x00000000d5f00000, 0x00000000dd580000, 0x0000000100000000)
  eden space 66560K, 0% used [0x00000000d5f00000,0x00000000d5f00000,0x00000000da000000)
  from space 5120K, 99% used [0x00000000da000000,0x00000000da4fad58,0x00000000da500000)
  to   space 8704K, 0% used [0x00000000dcd00000,0x00000000dcd00000,0x00000000dd580000)
 ParOldGen       total 57856K, used 9314K [0x0000000081c00000, 0x0000000085480000, 0x00000000d5f00000)
  object space 57856K, 16% used [0x0000000081c00000,0x0000000082518848,0x0000000085480000)
 Metaspace       used 25645K, capacity 26444K, committed 26624K, reserved 1073152K
  class space    used 3339K, capacity 3535K, committed 3584K, reserved 1048576K
}
Event: 1.855 GC heap before
{Heap before GC invocations=7 (full 1):
 PSYoungGen      total 71680K, used 71659K [0x00000000d5f00000, 0x00000000dd580000, 0x0000000100000000)
  eden space 66560K, 100% used [0x00000000d5f00000,0x00000000da000000,0x00000000da000000)
  from space 5120K, 99% used [0x00000000da000000,0x00000000da4fad58,0x00000000da500000)
  to   space 8704K, 0% used [0x00000000dcd00000,0x00000000dcd00000,0x00000000dd580000)
 ParOldGen       total 57856K, used 9314K [0x0000000081c00000, 0x0000000085480000, 0x00000000d5f00000)
  object space 57856K, 16% used [0x0000000081c00000,0x0000000082518848,0x0000000085480000)
 Metaspace       used 26480K, capacity 27352K, committed 27520K, reserved 1073152K
  class space    used 3448K, capacity 3651K, committed 3712K, reserved 1048576K
Event: 1.862 GC heap after
Heap after GC invocations=7 (full 1):
 PSYoungGen      total 113152K, used 6189K [0x00000000d5f00000, 0x00000000dd680000, 0x0000000100000000)
  eden space 104448K, 0% used [0x00000000d5f00000,0x00000000d5f00000,0x00000000dc500000)
  from space 8704K, 71% used [0x00000000dcd00000,0x00000000dd30b768,0x00000000dd580000)
  to   space 8192K, 0% used [0x00000000dc500000,0x00000000dc500000,0x00000000dcd00000)
 ParOldGen       total 57856K, used 9322K [0x0000000081c00000, 0x0000000085480000, 0x00000000d5f00000)
  object space 57856K, 16% used [0x0000000081c00000,0x000000008251a848,0x0000000085480000)
 Metaspace       used 26480K, capacity 27352K, committed 27520K, reserved 1073152K
  class space    used 3448K, capacity 3651K, committed 3712K, reserved 1048576K
}
Event: 2.901 GC heap before
{Heap before GC invocations=8 (full 1):
 PSYoungGen      total 113152K, used 109871K [0x00000000d5f00000, 0x00000000dd680000, 0x0000000100000000)
  eden space 104448K, 99% used [0x00000000d5f00000,0x00000000dc440548,0x00000000dc500000)
  from space 8704K, 71% used [0x00000000dcd00000,0x00000000dd30b768,0x00000000dd580000)
  to   space 8192K, 0% used [0x00000000dc500000,0x00000000dc500000,0x00000000dcd00000)
 ParOldGen       total 57856K, used 9322K [0x0000000081c00000, 0x0000000085480000, 0x00000000d5f00000)
  object space 57856K, 16% used [0x0000000081c00000,0x000000008251a848,0x0000000085480000)
 Metaspace       used 33876K, capacity 35384K, committed 35496K, reserved 1079296K
  class space    used 4494K, capacity 4775K, committed 4864K, reserved 1048576K
Event: 2.912 GC heap after
Heap after GC invocations=8 (full 1):
 PSYoungGen      total 112640K, used 8165K [0x00000000d5f00000, 0x00000000e1580000, 0x0000000100000000)
  eden space 104448K, 0% used [0x00000000d5f00000,0x00000000d5f00000,0x00000000dc500000)
  from space 8192K, 99% used [0x00000000dc500000,0x00000000dccf9590,0x00000000dcd00000)
  to   space 12288K, 0% used [0x00000000e0980000,0x00000000e0980000,0x00000000e1580000)
 ParOldGen       total 57856K, used 15863K [0x0000000081c00000, 0x0000000085480000, 0x00000000d5f00000)
  object space 57856K, 27% used [0x0000000081c00000,0x0000000082b7dd10,0x0000000085480000)
 Metaspace       used 33876K, capacity 35384K, committed 35496K, reserved 1079296K
  class space    used 4494K, capacity 4775K, committed 4864K, reserved 1048576K
}
Event: 2.912 GC heap before
{Heap before GC invocations=9 (full 2):
 PSYoungGen      total 112640K, used 8165K [0x00000000d5f00000, 0x00000000e1580000, 0x0000000100000000)
  eden space 104448K, 0% used [0x00000000d5f00000,0x00000000d5f00000,0x00000000dc500000)
  from space 8192K, 99% used [0x00000000dc500000,0x00000000dccf9590,0x00000000dcd00000)
  to   space 12288K, 0% used [0x00000000e0980000,0x00000000e0980000,0x00000000e1580000)
 ParOldGen       total 57856K, used 15863K [0x0000000081c00000, 0x0000000085480000, 0x00000000d5f00000)
  object space 57856K, 27% used [0x0000000081c00000,0x0000000082b7dd10,0x0000000085480000)
 Metaspace       used 33876K, capacity 35384K, committed 35496K, reserved 1079296K
  class space    used 4494K, capacity 4775K, committed 4864K, reserved 1048576K
Event: 2.961 GC heap after
Heap after GC invocations=9 (full 2):
 PSYoungGen      total 112640K, used 0K [0x00000000d5f00000, 0x00000000e1580000, 0x0000000100000000)
  eden space 104448K, 0% used [0x00000000d5f00000,0x00000000d5f00000,0x00000000dc500000)
  from space 8192K, 0% used [0x00000000dc500000,0x00000000dc500000,0x00000000dcd00000)
  to   space 12288K, 0% used [0x00000000e0980000,0x00000000e0980000,0x00000000e1580000)
 ParOldGen       total 57856K, used 18506K [0x0000000081c00000, 0x0000000085480000, 0x00000000d5f00000)
  object space 57856K, 31% used [0x0000000081c00000,0x0000000082e12a40,0x0000000085480000)
 Metaspace       used 33876K, capacity 35384K, committed 35496K, reserved 1079296K
  class space    used 4494K, capacity 4775K, committed 4864K, reserved 1048576K
}

