# JRE version: Java(TM) SE Runtime Environment (8.0_211-b12) (build 1.8.0_211-b12)
# Java VM: Java HotSpot(TM) 64-Bit Server VM (25.211-b12 mixed mode windows-amd64 compressed oops)
Heap:
 PSYoungGen      total 196608K, used 6547K [0x00000000d5f00000, 0x00000000e3b80000, 0x0000000100000000)
  eden space 179712K, 3% used [0x00000000d5f00000,0x00000000d6564c50,0x00000000e0e80000)
  from space 16896K, 0% used [0x00000000e2000000,0x00000000e2000000,0x00000000e3080000)
  to   space 17920K, 0% used [0x00000000e0e80000,0x00000000e0e80000,0x00000000e2000000)
 ParOldGen       total 136704K, used 25644K [0x0000000081c00000, 0x000000008a180000, 0x00000000d5f00000)
  object space 136704K, 18% used [0x0000000081c00000,0x000000008350b070,0x000000008a180000)
 Metaspace       used 56816K, capacity 59256K, committed 59544K, reserved 1099776K
  class space    used 7887K, capacity 8345K, committed 8448K, reserved 1048576K
GC Heap History (10 events):
Event: 3.105 GC heap before
{Heap before GC invocations=9 (full 2):
 PSYoungGen      total 111104K, used 8689K [0x00000000d5f00000, 0x00000000e0e00000, 0x0000000100000000)
  eden space 102400K, 0% used [0x00000000d5f00000,0x00000000d5f00000,0x00000000dc300000)
  from space 8704K, 99% used [0x00000000dc300000,0x00000000dcb7c580,0x00000000dcb80000)
  to   space 12288K, 0% used [0x00000000e0200000,0x00000000e0200000,0x00000000e0e00000)
 ParOldGen       total 58880K, used 15434K [0x0000000081c00000, 0x0000000085580000, 0x00000000d5f00000)
  object space 58880K, 26% used [0x0000000081c00000,0x0000000082b128d0,0x0000000085580000)
 Metaspace       used 33941K, capacity 35402K, committed 35496K, reserved 1079296K
  class space    used 4502K, capacity 4778K, committed 4864K, reserved 1048576K
Event: 3.171 GC heap after
Heap after GC invocations=9 (full 2):
 PSYoungGen      total 111104K, used 0K [0x00000000d5f00000, 0x00000000e0e00000, 0x0000000100000000)
  eden space 102400K, 0% used [0x00000000d5f00000,0x00000000d5f00000,0x00000000dc300000)
  from space 8704K, 0% used [0x00000000dc300000,0x00000000dc300000,0x00000000dcb80000)
  to   space 12288K, 0% used [0x00000000e0200000,0x00000000e0200000,0x00000000e0e00000)
 ParOldGen       total 98816K, used 18454K [0x0000000081c00000, 0x0000000087c80000, 0x00000000d5f00000)
  object space 98816K, 18% used [0x0000000081c00000,0x0000000082e05a18,0x0000000087c80000)
 Metaspace       used 33941K, capacity 35402K, committed 35496K, reserved 1079296K
  class space    used 4502K, capacity 4778K, committed 4864K, reserved 1048576K
}
Event: 3.635 GC heap before
{Heap before GC invocations=10 (full 2):
 PSYoungGen      total 111104K, used 102400K [0x00000000d5f00000, 0x00000000e0e00000, 0x0000000100000000)
  eden space 102400K, 100% used [0x00000000d5f00000,0x00000000dc300000,0x00000000dc300000)
  from space 8704K, 0% used [0x00000000dc300000,0x00000000dc300000,0x00000000dcb80000)
  to   space 12288K, 0% used [0x00000000e0200000,0x00000000e0200000,0x00000000e0e00000)
 ParOldGen       total 98816K, used 18454K [0x0000000081c00000, 0x0000000087c80000, 0x00000000d5f00000)
  object space 98816K, 18% used [0x0000000081c00000,0x0000000082e05a18,0x0000000087c80000)
 Metaspace       used 36046K, capacity 37576K, committed 37888K, reserved 1081344K
  class space    used 4746K, capacity 5057K, committed 5120K, reserved 1048576K
Event: 3.645 GC heap after
Heap after GC invocations=10 (full 2):
 PSYoungGen      total 153088K, used 6822K [0x00000000d5f00000, 0x00000000e0900000, 0x0000000100000000)
  eden space 145920K, 0% used [0x00000000d5f00000,0x00000000d5f00000,0x00000000ded80000)
  from space 7168K, 95% used [0x00000000e0200000,0x00000000e08a9820,0x00000000e0900000)
  to   space 11776K, 0% used [0x00000000df200000,0x00000000df200000,0x00000000dfd80000)
 ParOldGen       total 98816K, used 18462K [0x0000000081c00000, 0x0000000087c80000, 0x00000000d5f00000)
  object space 98816K, 18% used [0x0000000081c00000,0x0000000082e07a18,0x0000000087c80000)
 Metaspace       used 36046K, capacity 37576K, committed 37888K, reserved 1081344K
  class space    used 4746K, capacity 5057K, committed 5120K, reserved 1048576K
}
Event: 5.281 GC heap before
{Heap before GC invocations=11 (full 2):
 PSYoungGen      total 153088K, used 152742K [0x00000000d5f00000, 0x00000000e0900000, 0x0000000100000000)
  eden space 145920K, 100% used [0x00000000d5f00000,0x00000000ded80000,0x00000000ded80000)
  from space 7168K, 95% used [0x00000000e0200000,0x00000000e08a9820,0x00000000e0900000)
  to   space 11776K, 0% used [0x00000000df200000,0x00000000df200000,0x00000000dfd80000)
 ParOldGen       total 98816K, used 18462K [0x0000000081c00000, 0x0000000087c80000, 0x00000000d5f00000)
  object space 98816K, 18% used [0x0000000081c00000,0x0000000082e07a18,0x0000000087c80000)
 Metaspace       used 53234K, capacity 55110K, committed 55424K, reserved 1097728K
  class space    used 7335K, capacity 7684K, committed 7808K, reserved 1048576K
Event: 5.298 GC heap after
Heap after GC invocations=11 (full 2):
 PSYoungGen      total 162304K, used 11766K [0x00000000d5f00000, 0x00000000e3080000, 0x0000000100000000)
  eden space 150528K, 0% used [0x00000000d5f00000,0x00000000d5f00000,0x00000000df200000)
  from space 11776K, 99% used [0x00000000df200000,0x00000000dfd7da00,0x00000000dfd80000)
  to   space 16896K, 0% used [0x00000000e2000000,0x00000000e2000000,0x00000000e3080000)
 ParOldGen       total 98816K, used 28035K [0x0000000081c00000, 0x0000000087c80000, 0x00000000d5f00000)
  object space 98816K, 28% used [0x0000000081c00000,0x0000000083760d10,0x0000000087c80000)
 Metaspace       used 53234K, capacity 55110K, committed 55424K, reserved 1097728K
  class space    used 7335K, capacity 7684K, committed 7808K, reserved 1048576K
}
Event: 5.813 GC heap before
{Heap before GC invocations=12 (full 2):
 PSYoungGen      total 162304K, used 66686K [0x00000000d5f00000, 0x00000000e3080000, 0x0000000100000000)
  eden space 150528K, 36% used [0x00000000d5f00000,0x00000000d94a2110,0x00000000df200000)
  from space 11776K, 99% used [0x00000000df200000,0x00000000dfd7da00,0x00000000dfd80000)
  to   space 16896K, 0% used [0x00000000e2000000,0x00000000e2000000,0x00000000e3080000)
 ParOldGen       total 98816K, used 28035K [0x0000000081c00000, 0x0000000087c80000, 0x00000000d5f00000)
  object space 98816K, 28% used [0x0000000081c00000,0x0000000083760d10,0x0000000087c80000)
 Metaspace       used 56689K, capacity 59136K, committed 59160K, reserved 1099776K
  class space    used 7845K, capacity 8299K, committed 8320K, reserved 1048576K
Event: 5.828 GC heap after
Heap after GC invocations=12 (full 2):
 PSYoungGen      total 196608K, used 13101K [0x00000000d5f00000, 0x00000000e3b80000, 0x0000000100000000)
  eden space 179712K, 0% used [0x00000000d5f00000,0x00000000d5f00000,0x00000000e0e80000)
  from space 16896K, 77% used [0x00000000e2000000,0x00000000e2ccb440,0x00000000e3080000)
  to   space 17920K, 0% used [0x00000000e0e80000,0x00000000e0e80000,0x00000000e2000000)
 ParOldGen       total 98816K, used 28043K [0x0000000081c00000, 0x0000000087c80000, 0x00000000d5f00000)
  object space 98816K, 28% used [0x0000000081c00000,0x0000000083762d10,0x0000000087c80000)
 Metaspace       used 56689K, capacity 59136K, committed 59160K, reserved 1099776K
  class space    used 7845K, capacity 8299K, committed 8320K, reserved 1048576K
}
Event: 5.828 GC heap before
{Heap before GC invocations=13 (full 3):
 PSYoungGen      total 196608K, used 13101K [0x00000000d5f00000, 0x00000000e3b80000, 0x0000000100000000)
  eden space 179712K, 0% used [0x00000000d5f00000,0x00000000d5f00000,0x00000000e0e80000)
  from space 16896K, 77% used [0x00000000e2000000,0x00000000e2ccb440,0x00000000e3080000)
  to   space 17920K, 0% used [0x00000000e0e80000,0x00000000e0e80000,0x00000000e2000000)
 ParOldGen       total 98816K, used 28043K [0x0000000081c00000, 0x0000000087c80000, 0x00000000d5f00000)
  object space 98816K, 28% used [0x0000000081c00000,0x0000000083762d10,0x0000000087c80000)
 Metaspace       used 56689K, capacity 59136K, committed 59160K, reserved 1099776K
  class space    used 7845K, capacity 8299K, committed 8320K, reserved 1048576K
Event: 5.947 GC heap after
Heap after GC invocations=13 (full 3):
 PSYoungGen      total 196608K, used 0K [0x00000000d5f00000, 0x00000000e3b80000, 0x0000000100000000)
  eden space 179712K, 0% used [0x00000000d5f00000,0x00000000d5f00000,0x00000000e0e80000)
  from space 16896K, 0% used [0x00000000e2000000,0x00000000e2000000,0x00000000e3080000)
  to   space 17920K, 0% used [0x00000000e0e80000,0x00000000e0e80000,0x00000000e2000000)
 ParOldGen       total 136704K, used 25644K [0x0000000081c00000, 0x000000008a180000, 0x00000000d5f00000)
  object space 136704K, 18% used [0x0000000081c00000,0x000000008350b070,0x000000008a180000)
 Metaspace       used 56689K, capacity 59136K, committed 59160K, reserved 1099776K
  class space    used 7845K, capacity 8299K, committed 8320K, reserved 1048576K
}

