# JRE version: Java(TM) SE Runtime Environment (8.0_211-b12) (build 1.8.0_211-b12)
# Java VM: Java HotSpot(TM) 64-Bit Server VM (25.211-b12 mixed mode windows-amd64 compressed oops)
Heap:
 PSYoungGen      total 110592K, used 14715K [0x00000000d5f00000, 0x00000000dd780000, 0x0000000100000000)
  eden space 101888K, 5% used [0x00000000d5f00000,0x00000000d64e4da0,0x00000000dc280000)
  from space 8704K, 99% used [0x00000000dcd00000,0x00000000dd57a1d0,0x00000000dd580000)
  to   space 10752K, 0% used [0x00000000dc280000,0x00000000dc280000,0x00000000dcd00000)
 ParOldGen       total 92160K, used 24848K [0x0000000081c00000, 0x0000000087600000, 0x00000000d5f00000)
  object space 92160K, 26% used [0x0000000081c00000,0x0000000083444208,0x0000000087600000)
 Metaspace       used 49274K, capacity 51054K, committed 51456K, reserved 1093632K
  class space    used 6795K, capacity 7140K, committed 7168K, reserved 1048576K
GC Heap History (10 events):
Event: 1.283 GC heap before
{Heap before GC invocations=6 (full 1):
 PSYoungGen      total 71680K, used 66560K [0x00000000d5f00000, 0x00000000daa00000, 0x0000000100000000)
  eden space 66560K, 100% used [0x00000000d5f00000,0x00000000da000000,0x00000000da000000)
  from space 5120K, 0% used [0x00000000da500000,0x00000000da500000,0x00000000daa00000)
  to   space 5120K, 0% used [0x00000000da000000,0x00000000da000000,0x00000000da500000)
 ParOldGen       total 57344K, used 7247K [0x0000000081c00000, 0x0000000085400000, 0x00000000d5f00000)
  object space 57344K, 12% used [0x0000000081c00000,0x0000000082313d90,0x0000000085400000)
 Metaspace       used 23279K, capacity 24024K, committed 24320K, reserved 1071104K
  class space    used 3036K, capacity 3231K, committed 3328K, reserved 1048576K
Event: 1.286 GC heap after
Heap after GC invocations=6 (full 1):
 PSYoungGen      total 71680K, used 4171K [0x00000000d5f00000, 0x00000000dd580000, 0x0000000100000000)
  eden space 66560K, 0% used [0x00000000d5f00000,0x00000000d5f00000,0x00000000da000000)
  from space 5120K, 81% used [0x00000000da000000,0x00000000da412ce0,0x00000000da500000)
  to   space 8704K, 0% used [0x00000000dcd00000,0x00000000dcd00000,0x00000000dd580000)
 ParOldGen       total 57344K, used 7319K [0x0000000081c00000, 0x0000000085400000, 0x00000000d5f00000)
  object space 57344K, 12% used [0x0000000081c00000,0x0000000082325da0,0x0000000085400000)
 Metaspace       used 23279K, capacity 24024K, committed 24320K, reserved 1071104K
  class space    used 3036K, capacity 3231K, committed 3328K, reserved 1048576K
}
Event: 1.984 GC heap before
{Heap before GC invocations=7 (full 1):
 PSYoungGen      total 71680K, used 70731K [0x00000000d5f00000, 0x00000000dd580000, 0x0000000100000000)
  eden space 66560K, 100% used [0x00000000d5f00000,0x00000000da000000,0x00000000da000000)
  from space 5120K, 81% used [0x00000000da000000,0x00000000da412ce0,0x00000000da500000)
  to   space 8704K, 0% used [0x00000000dcd00000,0x00000000dcd00000,0x00000000dd580000)
 ParOldGen       total 57344K, used 7319K [0x0000000081c00000, 0x0000000085400000, 0x00000000d5f00000)
  object space 57344K, 12% used [0x0000000081c00000,0x0000000082325da0,0x0000000085400000)
 Metaspace       used 28978K, capacity 30394K, committed 30592K, reserved 1075200K
  class space    used 3840K, capacity 4128K, committed 4224K, reserved 1048576K
Event: 1.994 GC heap after
Heap after GC invocations=7 (full 1):
 PSYoungGen      total 110592K, used 8688K [0x00000000d5f00000, 0x00000000dd780000, 0x0000000100000000)
  eden space 101888K, 0% used [0x00000000d5f00000,0x00000000d5f00000,0x00000000dc280000)
  from space 8704K, 99% used [0x00000000dcd00000,0x00000000dd57c268,0x00000000dd580000)
  to   space 10752K, 0% used [0x00000000dc280000,0x00000000dc280000,0x00000000dcd00000)
 ParOldGen       total 57344K, used 8552K [0x0000000081c00000, 0x0000000085400000, 0x00000000d5f00000)
  object space 57344K, 14% used [0x0000000081c00000,0x000000008245a3a0,0x0000000085400000)
 Metaspace       used 28978K, capacity 30394K, committed 30592K, reserved 1075200K
  class space    used 3840K, capacity 4128K, committed 4224K, reserved 1048576K
}
Event: 2.709 GC heap before
{Heap before GC invocations=8 (full 1):
 PSYoungGen      total 110592K, used 99748K [0x00000000d5f00000, 0x00000000dd780000, 0x0000000100000000)
  eden space 101888K, 89% used [0x00000000d5f00000,0x00000000db7ece08,0x00000000dc280000)
  from space 8704K, 99% used [0x00000000dcd00000,0x00000000dd57c268,0x00000000dd580000)
  to   space 10752K, 0% used [0x00000000dc280000,0x00000000dc280000,0x00000000dcd00000)
 ParOldGen       total 57344K, used 8552K [0x0000000081c00000, 0x0000000085400000, 0x00000000d5f00000)
  object space 57344K, 14% used [0x0000000081c00000,0x000000008245a3a0,0x0000000085400000)
 Metaspace       used 33842K, capacity 35370K, committed 35456K, reserved 1079296K
  class space    used 4391K, capacity 4696K, committed 4736K, reserved 1048576K
Event: 2.718 GC heap after
Heap after GC invocations=8 (full 1):
 PSYoungGen      total 112640K, used 10725K [0x00000000d5f00000, 0x00000000dd780000, 0x0000000100000000)
  eden space 101888K, 0% used [0x00000000d5f00000,0x00000000d5f00000,0x00000000dc280000)
  from space 10752K, 99% used [0x00000000dc280000,0x00000000dccf9478,0x00000000dcd00000)
  to   space 8704K, 0% used [0x00000000dcd00000,0x00000000dcd00000,0x00000000dd580000)
 ParOldGen       total 57344K, used 10142K [0x0000000081c00000, 0x0000000085400000, 0x00000000d5f00000)
  object space 57344K, 17% used [0x0000000081c00000,0x00000000825e7a98,0x0000000085400000)
 Metaspace       used 33842K, capacity 35370K, committed 35456K, reserved 1079296K
  class space    used 4391K, capacity 4696K, committed 4736K, reserved 1048576K
}
Event: 2.718 GC heap before
{Heap before GC invocations=9 (full 2):
 PSYoungGen      total 112640K, used 10725K [0x00000000d5f00000, 0x00000000dd780000, 0x0000000100000000)
  eden space 101888K, 0% used [0x00000000d5f00000,0x00000000d5f00000,0x00000000dc280000)
  from space 10752K, 99% used [0x00000000dc280000,0x00000000dccf9478,0x00000000dcd00000)
  to   space 8704K, 0% used [0x00000000dcd00000,0x00000000dcd00000,0x00000000dd580000)
 ParOldGen       total 57344K, used 10142K [0x0000000081c00000, 0x0000000085400000, 0x00000000d5f00000)
  object space 57344K, 17% used [0x0000000081c00000,0x00000000825e7a98,0x0000000085400000)
 Metaspace       used 33842K, capacity 35370K, committed 35456K, reserved 1079296K
  class space    used 4391K, capacity 4696K, committed 4736K, reserved 1048576K
Event: 2.768 GC heap after
Heap after GC invocations=9 (full 2):
 PSYoungGen      total 112640K, used 0K [0x00000000d5f00000, 0x00000000dd780000, 0x0000000100000000)
  eden space 101888K, 0% used [0x00000000d5f00000,0x00000000d5f00000,0x00000000dc280000)
  from space 10752K, 0% used [0x00000000dc280000,0x00000000dc280000,0x00000000dcd00000)
  to   space 8704K, 0% used [0x00000000dcd00000,0x00000000dcd00000,0x00000000dd580000)
 ParOldGen       total 92160K, used 16174K [0x0000000081c00000, 0x0000000087600000, 0x00000000d5f00000)
  object space 92160K, 17% used [0x0000000081c00000,0x0000000082bcba28,0x0000000087600000)
 Metaspace       used 33842K, capacity 35370K, committed 35456K, reserved 1079296K
  class space    used 4391K, capacity 4696K, committed 4736K, reserved 1048576K
}
Event: 4.003 GC heap before
{Heap before GC invocations=10 (full 2):
 PSYoungGen      total 112640K, used 101888K [0x00000000d5f00000, 0x00000000dd780000, 0x0000000100000000)
  eden space 101888K, 100% used [0x00000000d5f00000,0x00000000dc280000,0x00000000dc280000)
  from space 10752K, 0% used [0x00000000dc280000,0x00000000dc280000,0x00000000dcd00000)
  to   space 8704K, 0% used [0x00000000dcd00000,0x00000000dcd00000,0x00000000dd580000)
 ParOldGen       total 92160K, used 16174K [0x0000000081c00000, 0x0000000087600000, 0x00000000d5f00000)
  object space 92160K, 17% used [0x0000000081c00000,0x0000000082bcba28,0x0000000087600000)
 Metaspace       used 48741K, capacity 50534K, committed 50944K, reserved 1093632K
  class space    used 6736K, capacity 7098K, committed 7168K, reserved 1048576K
Event: 4.015 GC heap after
Heap after GC invocations=10 (full 2):
 PSYoungGen      total 110592K, used 8680K [0x00000000d5f00000, 0x00000000dd780000, 0x0000000100000000)
  eden space 101888K, 0% used [0x00000000d5f00000,0x00000000d5f00000,0x00000000dc280000)
  from space 8704K, 99% used [0x00000000dcd00000,0x00000000dd57a1d0,0x00000000dd580000)
  to   space 10752K, 0% used [0x00000000dc280000,0x00000000dc280000,0x00000000dcd00000)
 ParOldGen       total 92160K, used 24848K [0x0000000081c00000, 0x0000000087600000, 0x00000000d5f00000)
  object space 92160K, 26% used [0x0000000081c00000,0x0000000083444208,0x0000000087600000)
 Metaspace       used 48741K, capacity 50534K, committed 50944K, reserved 1093632K
  class space    used 6736K, capacity 7098K, committed 7168K, reserved 1048576K
}

