# JRE version: Java(TM) SE Runtime Environment (8.0_211-b12) (build 1.8.0_211-b12)
# Java VM: Java HotSpot(TM) 64-Bit Server VM (25.211-b12 mixed mode windows-amd64 compressed oops)
Heap:
 PSYoungGen      total 71680K, used 941K [0x00000000d5f00000, 0x00000000daa00000, 0x0000000100000000)
  eden space 66560K, 0% used [0x00000000d5f00000,0x00000000d5f00000,0x00000000da000000)
  from space 5120K, 18% used [0x00000000da500000,0x00000000da5eb478,0x00000000daa00000)
  to   space 5120K, 0% used [0x00000000da000000,0x00000000da000000,0x00000000da500000)
 ParOldGen       total 50176K, used 24043K [0x0000000081c00000, 0x0000000084d00000, 0x00000000d5f00000)
  object space 50176K, 47% used [0x0000000081c00000,0x000000008337ae50,0x0000000084d00000)
 Metaspace       used 40120K, capacity 41808K, committed 41984K, reserved 1089536K
  class space    used 5176K, capacity 5513K, committed 5632K, reserved 1048576K
GC Heap History (10 events):
Event: 4.474 GC heap after
Heap after GC invocations=10 (full 1):
 PSYoungGen      total 71680K, used 5095K [0x00000000d5f00000, 0x00000000daa00000, 0x0000000100000000)
  eden space 66560K, 0% used [0x00000000d5f00000,0x00000000d5f00000,0x00000000da000000)
  from space 5120K, 99% used [0x00000000da000000,0x00000000da4f9dc8,0x00000000da500000)
  to   space 5120K, 0% used [0x00000000da500000,0x00000000da500000,0x00000000daa00000)
 ParOldGen       total 50176K, used 17016K [0x0000000081c00000, 0x0000000084d00000, 0x00000000d5f00000)
  object space 50176K, 33% used [0x0000000081c00000,0x0000000082c9e238,0x0000000084d00000)
 Metaspace       used 33872K, capacity 35376K, committed 35496K, reserved 1079296K
  class space    used 4493K, capacity 4775K, committed 4864K, reserved 1048576K
}
Event: 4.474 GC heap before
{Heap before GC invocations=11 (full 2):
 PSYoungGen      total 71680K, used 5095K [0x00000000d5f00000, 0x00000000daa00000, 0x0000000100000000)
  eden space 66560K, 0% used [0x00000000d5f00000,0x00000000d5f00000,0x00000000da000000)
  from space 5120K, 99% used [0x00000000da000000,0x00000000da4f9dc8,0x00000000da500000)
  to   space 5120K, 0% used [0x00000000da500000,0x00000000da500000,0x00000000daa00000)
 ParOldGen       total 50176K, used 17016K [0x0000000081c00000, 0x0000000084d00000, 0x00000000d5f00000)
  object space 50176K, 33% used [0x0000000081c00000,0x0000000082c9e238,0x0000000084d00000)
 Metaspace       used 33872K, capacity 35376K, committed 35496K, reserved 1079296K
  class space    used 4493K, capacity 4775K, committed 4864K, reserved 1048576K
Event: 4.551 GC heap after
Heap after GC invocations=11 (full 2):
 PSYoungGen      total 71680K, used 0K [0x00000000d5f00000, 0x00000000daa00000, 0x0000000100000000)
  eden space 66560K, 0% used [0x00000000d5f00000,0x00000000d5f00000,0x00000000da000000)
  from space 5120K, 0% used [0x00000000da000000,0x00000000da000000,0x00000000da500000)
  to   space 5120K, 0% used [0x00000000da500000,0x00000000da500000,0x00000000daa00000)
 ParOldGen       total 50176K, used 15163K [0x0000000081c00000, 0x0000000084d00000, 0x00000000d5f00000)
  object space 50176K, 30% used [0x0000000081c00000,0x0000000082aced30,0x0000000084d00000)
 Metaspace       used 33872K, capacity 35376K, committed 35496K, reserved 1079296K
  class space    used 4493K, capacity 4775K, committed 4864K, reserved 1048576K
}
Event: 4.887 GC heap before
{Heap before GC invocations=12 (full 2):
 PSYoungGen      total 71680K, used 66560K [0x00000000d5f00000, 0x00000000daa00000, 0x0000000100000000)
  eden space 66560K, 100% used [0x00000000d5f00000,0x00000000da000000,0x00000000da000000)
  from space 5120K, 0% used [0x00000000da000000,0x00000000da000000,0x00000000da500000)
  to   space 5120K, 0% used [0x00000000da500000,0x00000000da500000,0x00000000daa00000)
 ParOldGen       total 50176K, used 15163K [0x0000000081c00000, 0x0000000084d00000, 0x00000000d5f00000)
  object space 50176K, 30% used [0x0000000081c00000,0x0000000082aced30,0x0000000084d00000)
 Metaspace       used 35372K, capacity 36942K, committed 37248K, reserved 1081344K
  class space    used 4666K, capacity 4972K, committed 4992K, reserved 1048576K
Event: 4.890 GC heap after
Heap after GC invocations=12 (full 2):
 PSYoungGen      total 71680K, used 2374K [0x00000000d5f00000, 0x00000000daa00000, 0x0000000100000000)
  eden space 66560K, 0% used [0x00000000d5f00000,0x00000000d5f00000,0x00000000da000000)
  from space 5120K, 46% used [0x00000000da500000,0x00000000da751878,0x00000000daa00000)
  to   space 5120K, 0% used [0x00000000da000000,0x00000000da000000,0x00000000da500000)
 ParOldGen       total 50176K, used 15171K [0x0000000081c00000, 0x0000000084d00000, 0x00000000d5f00000)
  object space 50176K, 30% used [0x0000000081c00000,0x0000000082ad0d30,0x0000000084d00000)
 Metaspace       used 35372K, capacity 36942K, committed 37248K, reserved 1081344K
  class space    used 4666K, capacity 4972K, committed 4992K, reserved 1048576K
}
Event: 5.830 GC heap before
{Heap before GC invocations=13 (full 2):
 PSYoungGen      total 71680K, used 68934K [0x00000000d5f00000, 0x00000000daa00000, 0x0000000100000000)
  eden space 66560K, 100% used [0x00000000d5f00000,0x00000000da000000,0x00000000da000000)
  from space 5120K, 46% used [0x00000000da500000,0x00000000da751878,0x00000000daa00000)
  to   space 5120K, 0% used [0x00000000da000000,0x00000000da000000,0x00000000da500000)
 ParOldGen       total 50176K, used 15171K [0x0000000081c00000, 0x0000000084d00000, 0x00000000d5f00000)
  object space 50176K, 30% used [0x0000000081c00000,0x0000000082ad0d30,0x0000000084d00000)
 Metaspace       used 39508K, capacity 41134K, committed 41344K, reserved 1085440K
  class space    used 5121K, capacity 5442K, committed 5504K, reserved 1048576K
Event: 5.846 GC heap after
Heap after GC invocations=13 (full 2):
 PSYoungGen      total 71680K, used 5109K [0x00000000d5f00000, 0x00000000daa00000, 0x0000000100000000)
  eden space 66560K, 0% used [0x00000000d5f00000,0x00000000d5f00000,0x00000000da000000)
  from space 5120K, 99% used [0x00000000da000000,0x00000000da4fd418,0x00000000da500000)
  to   space 5120K, 0% used [0x00000000da500000,0x00000000da500000,0x00000000daa00000)
 ParOldGen       total 50176K, used 20035K [0x0000000081c00000, 0x0000000084d00000, 0x00000000d5f00000)
  object space 50176K, 39% used [0x0000000081c00000,0x0000000082f90cf8,0x0000000084d00000)
 Metaspace       used 39508K, capacity 41134K, committed 41344K, reserved 1085440K
  class space    used 5121K, capacity 5442K, committed 5504K, reserved 1048576K
}
Event: 5.937 GC heap before
{Heap before GC invocations=14 (full 2):
 PSYoungGen      total 71680K, used 10921K [0x00000000d5f00000, 0x00000000daa00000, 0x0000000100000000)
  eden space 66560K, 8% used [0x00000000d5f00000,0x00000000d64ad298,0x00000000da000000)
  from space 5120K, 99% used [0x00000000da000000,0x00000000da4fd418,0x00000000da500000)
  to   space 5120K, 0% used [0x00000000da500000,0x00000000da500000,0x00000000daa00000)
 ParOldGen       total 50176K, used 20035K [0x0000000081c00000, 0x0000000084d00000, 0x00000000d5f00000)
  object space 50176K, 39% used [0x0000000081c00000,0x0000000082f90cf8,0x0000000084d00000)
 Metaspace       used 40120K, capacity 41808K, committed 41984K, reserved 1089536K
  class space    used 5176K, capacity 5513K, committed 5632K, reserved 1048576K
Event: 5.943 GC heap after
Heap after GC invocations=14 (full 2):
 PSYoungGen      total 71680K, used 941K [0x00000000d5f00000, 0x00000000daa00000, 0x0000000100000000)
  eden space 66560K, 0% used [0x00000000d5f00000,0x00000000d5f00000,0x00000000da000000)
  from space 5120K, 18% used [0x00000000da500000,0x00000000da5eb478,0x00000000daa00000)
  to   space 5120K, 0% used [0x00000000da000000,0x00000000da000000,0x00000000da500000)
 ParOldGen       total 50176K, used 24043K [0x0000000081c00000, 0x0000000084d00000, 0x00000000d5f00000)
  object space 50176K, 47% used [0x0000000081c00000,0x000000008337ae50,0x0000000084d00000)
 Metaspace       used 40120K, capacity 41808K, committed 41984K, reserved 1089536K
  class space    used 5176K, capacity 5513K, committed 5632K, reserved 1048576K
}
Event: 5.943 GC heap before
{Heap before GC invocations=15 (full 3):
 PSYoungGen      total 71680K, used 941K [0x00000000d5f00000, 0x00000000daa00000, 0x0000000100000000)
  eden space 66560K, 0% used [0x00000000d5f00000,0x00000000d5f00000,0x00000000da000000)
  from space 5120K, 18% used [0x00000000da500000,0x00000000da5eb478,0x00000000daa00000)
  to   space 5120K, 0% used [0x00000000da000000,0x00000000da000000,0x00000000da500000)
 ParOldGen       total 50176K, used 24043K [0x0000000081c00000, 0x0000000084d00000, 0x00000000d5f00000)
  object space 50176K, 47% used [0x0000000081c00000,0x000000008337ae50,0x0000000084d00000)
 Metaspace       used 40120K, capacity 41808K, committed 41984K, reserved 1089536K
  class space    used 5176K, capacity 5513K, committed 5632K, reserved 1048576K

